<?xml version="1.0" encoding="UTF-8"?>
<!-- Generated by org.testng.reporters.JUnitReportReporter -->
<testsuite hostname="AH4000691LT" failures="0" tests="1" name="stepDefinition.WebTables" time="14.639" errors="0" timestamp="2022-11-03T10:53:29 IST" skipped="0">
  <testcase classname="stepDefinition.WebTables" name="VerifyTable" time="14.639"/>
  <system-out/>
</testsuite> <!-- stepDefinition.WebTables -->
