<?xml version="1.0" encoding="UTF-8"?>
<!-- Generated by org.testng.reporters.JUnitReportReporter -->
<testsuite hostname="AH4000735LT" failures="0" tests="2" name="runner.TestRunner" time="27.294" errors="0" timestamp="2023-10-18T17:18:54 IST" skipped="0">
  <testcase classname="runner.TestRunner" name="scenario" time="18.620"/>
  <system-out/>
  <testcase classname="runner.TestRunner" name="scenario" time="8.674"/>
  <system-out/>
</testsuite> <!-- runner.TestRunner -->
