<?xml version="1.0" encoding="UTF-8"?>
<!-- Generated by org.testng.reporters.JUnitReportReporter -->
<testsuite hostname="AH4000735LT" failures="0" tests="6" name="stepDefinition.TestRunner" time="296.717" errors="0" timestamp="2024-01-05T12:25:17 IST" skipped="0">
  <testcase classname="stepDefinition.TestRunner" name="scenario" time="62.491"/>
  <system-out/>
  <testcase classname="stepDefinition.TestRunner" name="scenario" time="44.790"/>
  <system-out/>
  <testcase classname="stepDefinition.TestRunner" name="scenario" time="27.265"/>
  <system-out/>
  <testcase classname="stepDefinition.TestRunner" name="scenario" time="70.076"/>
  <system-out/>
  <testcase classname="stepDefinition.TestRunner" name="scenario" time="46.949"/>
  <system-out/>
  <testcase classname="stepDefinition.TestRunner" name="scenario" time="45.146"/>
  <system-out/>
</testsuite> <!-- stepDefinition.TestRunner -->
