<?xml version="1.0" encoding="UTF-8"?>
<!-- Generated by org.testng.reporters.JUnitReportReporter -->
<testsuite hostname="AH4000691LT" failures="0" tests="1" name="ownJSONCreatedFile.GetMethodTest" time="3.126" errors="0" timestamp="2022-03-14T19:52:02 IST" skipped="0">
  <testcase classname="ownJSONCreatedFile.GetMethodTest" name="gettest" time="3.126"/>
  <system-out/>
</testsuite> <!-- ownJSONCreatedFile.GetMethodTest -->
