<?xml version="1.0" encoding="UTF-8"?>
<!-- Generated by org.testng.reporters.JUnitReportReporter -->
<testsuite hostname="AH4000691LT" failures="0" tests="1" name="testMethods.DeleteMethodTest" time="3.623" errors="0" timestamp="2022-03-09T18:20:40 IST" skipped="0">
  <testcase classname="testMethods.DeleteMethodTest" name="test1" time="3.623"/>
  <system-out/>
</testsuite> <!-- testMethods.DeleteMethodTest -->
