<?xml version="1.0" encoding="UTF-8"?>
<!-- Generated by org.testng.reporters.JUnitReportReporter -->
<testsuite hostname="AH4000691LT" failures="0" tests="1" name="testMethods.GetMethodTest" time="4.002" errors="0" timestamp="2022-05-09T17:44:30 IST" skipped="0">
  <testcase classname="testMethods.GetMethodTest" name="test3" time="4.002"/>
  <system-out/>
</testsuite> <!-- testMethods.GetMethodTest -->
