<?xml version="1.0" encoding="UTF-8"?>
<!-- Generated by org.testng.reporters.JUnitReportReporter -->
<testsuite hostname="AH4000691LT" failures="0" tests="1" name="testMethods.PostMethodTest" time="4.735" errors="0" timestamp="2022-03-09T17:59:58 IST" skipped="0">
  <testcase classname="testMethods.PostMethodTest" name="test2" time="4.735"/>
  <system-out/>
</testsuite> <!-- testMethods.PostMethodTest -->
