<?xml version="1.0" encoding="UTF-8"?>
<!-- Generated by org.testng.reporters.JUnitReportReporter -->
<testsuite hostname="AH4000691LT" failures="0" tests="1" name="ownJSONCreatedFile.PostMethodTest" time="1.783" errors="0" timestamp="2022-05-11T16:18:32 IST" skipped="0">
  <testcase classname="ownJSONCreatedFile.PostMethodTest" name="post_test" time="1.783"/>
  <system-out/>
</testsuite> <!-- ownJSONCreatedFile.PostMethodTest -->
