<?xml version="1.0" encoding="UTF-8"?>
<!-- Generated by org.testng.reporters.JUnitReportReporter -->
<testsuite hostname="AH4000691LT" failures="0" tests="1" name="testMethods.PutMethodTest" time="3.764" errors="0" timestamp="2022-03-09T18:08:32 IST" skipped="0">
  <testcase classname="testMethods.PutMethodTest" name="test2" time="3.764"/>
  <system-out/>
</testsuite> <!-- testMethods.PutMethodTest -->
