<?xml version="1.0" encoding="UTF-8"?>
<!-- Generated by org.testng.reporters.JUnitReportReporter -->
<testsuite hostname="AH4000691LT" failures="0" tests="1" name="ownJSONCreatedFile.DeleteMethodTest" time="2.656" errors="0" timestamp="2022-03-16T14:07:00 IST" skipped="0">
  <testcase classname="ownJSONCreatedFile.DeleteMethodTest" name="delete_test" time="2.656"/>
  <system-out/>
</testsuite> <!-- ownJSONCreatedFile.DeleteMethodTest -->
