<?xml version="1.0" encoding="UTF-8"?>
<!-- Generated by org.testng.reporters.JUnitReportReporter -->
<testsuite hostname="AH4000691LT" failures="0" tests="1" name="testMethods.PostMethodTest" time="3.472" errors="0" timestamp="2022-05-10T16:06:11 IST" skipped="0">
  <testcase classname="testMethods.PostMethodTest" name="test2" time="3.472"/>
  <system-out/>
</testsuite> <!-- testMethods.PostMethodTest -->
