<?xml version="1.0" encoding="UTF-8"?>
<!-- Generated by org.testng.reporters.JUnitReportReporter -->
<testsuite hostname="AH4000691LT" failures="0" tests="1" name="ownJSONCreatedFile.GetMethodTest" time="1.948" errors="0" timestamp="2022-05-11T15:54:43 IST" skipped="0">
  <testcase classname="ownJSONCreatedFile.GetMethodTest" name="get_test1" time="1.948"/>
  <system-out/>
</testsuite> <!-- ownJSONCreatedFile.GetMethodTest -->
