<?xml version="1.0" encoding="UTF-8"?>
<!-- Generated by org.testng.reporters.JUnitReportReporter -->
<testsuite hostname="AH4000691LT" failures="0" tests="1" name="ownJSONCreatedFile.PatchMethodTest" time="1.669" errors="0" timestamp="2022-05-11T16:21:40 IST" skipped="0">
  <testcase classname="ownJSONCreatedFile.PatchMethodTest" name="patch_test" time="1.669"/>
  <system-out/>
</testsuite> <!-- ownJSONCreatedFile.PatchMethodTest -->
