<?xml version="1.0" encoding="UTF-8"?>
<!-- Generated by org.testng.reporters.JUnitReportReporter -->
<testsuite hostname="AH4000691LT" failures="0" tests="2" name="dataDriven.DeleteDataDriven" time="2.333" errors="0" timestamp="2022-05-12T14:59:14 IST" skipped="0">
  <testcase classname="dataDriven.DeleteDataDriven" name="delete_test" time="0.056"/>
  <system-out/>
  <testcase classname="dataDriven.DeleteDataDriven" name="delete_test" time="2.277"/>
  <system-out/>
</testsuite> <!-- dataDriven.DeleteDataDriven -->
