<?xml version="1.0" encoding="UTF-8"?>
<!-- Generated by org.testng.reporters.JUnitReportReporter -->
<testsuite hostname="AH4000691LT" failures="0" tests="1" name="testMethods.GetMethodTest" time="3.579" errors="0" timestamp="2022-03-09T15:23:14 IST" skipped="0">
  <testcase classname="testMethods.GetMethodTest" name="test3" time="3.579"/>
  <system-out/>
</testsuite> <!-- testMethods.GetMethodTest -->
