<?xml version="1.0" encoding="UTF-8"?>
<!-- Generated by org.testng.reporters.JUnitReportReporter -->
<testsuite hostname="AH4000691LT" failures="0" tests="2" name="dataDriven.DeleteDataDriven" time="2.754" errors="0" timestamp="2022-03-17T09:34:55 IST" skipped="0">
  <testcase classname="dataDriven.DeleteDataDriven" name="delete_test" time="2.703"/>
  <system-out/>
  <testcase classname="dataDriven.DeleteDataDriven" name="delete_test" time="0.051"/>
  <system-out/>
</testsuite> <!-- dataDriven.DeleteDataDriven -->
