<?xml version="1.0" encoding="UTF-8"?>
<!-- Generated by org.testng.reporters.JUnitReportReporter -->
<testsuite hostname="AH4000691LT" failures="0" tests="1" name="testMethods.PatchMethodTest" time="4.097" errors="0" timestamp="2022-03-09T18:12:30 IST" skipped="0">
  <testcase classname="testMethods.PatchMethodTest" name="test1" time="4.097"/>
  <system-out/>
</testsuite> <!-- testMethods.PatchMethodTest -->
