<?xml version="1.0" encoding="UTF-8"?>
<!-- Generated by org.testng.reporters.JUnitReportReporter -->
<testsuite hostname="AH4000691LT" failures="0" tests="1" name="testMethods.PutMethodTest" time="3.622" errors="0" timestamp="2022-05-10T16:52:31 IST" skipped="0">
  <testcase classname="testMethods.PutMethodTest" name="test1" time="3.622"/>
  <system-out/>
</testsuite> <!-- testMethods.PutMethodTest -->
