<?xml version="1.0" encoding="UTF-8"?>
<!-- Generated by org.testng.reporters.JUnitReportReporter -->
<testsuite hostname="AH4000691LT" failures="0" tests="2" name="dataDrivenTesting.PostDataDrivenTest" time="2.668" errors="0" timestamp="2022-03-17T09:35:19 IST" skipped="0">
  <testcase classname="dataDrivenTesting.PostDataDrivenTest" name="post_test" time="2.605"/>
  <system-out/>
  <testcase classname="dataDrivenTesting.PostDataDrivenTest" name="post_test" time="0.063"/>
  <system-out/>
</testsuite> <!-- dataDrivenTesting.PostDataDrivenTest -->
