<?xml version="1.0" encoding="UTF-8"?>
<!-- Generated by org.testng.reporters.JUnitReportReporter -->
<testsuite hostname="AH4000691LT" failures="0" tests="2" name="dataDriven.PostDataDriven" time="2.885" errors="0" timestamp="2022-05-12T14:53:30 IST" skipped="0">
  <testcase classname="dataDriven.PostDataDriven" name="post_test" time="2.825"/>
  <system-out/>
  <testcase classname="dataDriven.PostDataDriven" name="post_test" time="0.060"/>
  <system-out/>
</testsuite> <!-- dataDriven.PostDataDriven -->
