<?xml version="1.0" encoding="UTF-8"?>
<!-- Generated by org.testng.reporters.JUnitReportReporter -->
<testsuite hostname="AH4000691LT" failures="0" tests="2" name="runner.TestRunner" time="120.798" errors="0" timestamp="2022-02-16T16:39:06 IST" skipped="0">
  <testcase classname="runner.TestRunner" name="scenario" time="61.448"/>
  <system-out/>
  <testcase classname="runner.TestRunner" name="scenario" time="59.350"/>
  <system-out/>
</testsuite> <!-- runner.TestRunner -->
