<?xml version="1.0" encoding="UTF-8"?>
<!-- Generated by org.testng.reporters.JUnitReportReporter -->
<testsuite hostname="AH4000691LT" failures="0" tests="1" name="runner.TestRunner" time="0.161" errors="1" timestamp="2022-07-02T14:21:33 IST" skipped="0">
  <testcase classname="runner.TestRunner" name="scenario" time="0.161">
    <error message="Cannot invoke &quot;String.equals(Object)&quot; because &quot;browserName&quot; is null" type="java.lang.NullPointerException">
      <![CDATA[java.lang.NullPointerException: Cannot invoke "String.equals(Object)" because "browserName" is null
at basePackage.DriverFactory.initiateDriver(DriverFactory.java:21)
at runner.ApplicationHooks.launchBrowser(ApplicationHooks.java:26)
]]>
    </error>
  </testcase> <!-- scenario -->
  <system-out/>
</testsuite> <!-- runner.TestRunner -->
