<?xml version="1.0" encoding="UTF-8"?>
<!-- Generated by org.testng.reporters.JUnitReportReporter -->
<testsuite hostname="AH4000691LT" failures="0" tests="1" name="runner.TestRunner" time="21.237" errors="0" timestamp="2022-02-08T11:09:52 IST" skipped="0">
  <testcase classname="runner.TestRunner" name="scenario" time="21.237"/>
  <system-out/>
</testsuite> <!-- runner.TestRunner -->
