<?xml version="1.0" encoding="UTF-8"?>
<!-- Generated by org.testng.reporters.JUnitReportReporter -->
<testsuite hostname="AH4000691LT" failures="0" tests="2" name="runner.TestRunner" time="175.301" errors="0" timestamp="2023-04-24T17:41:52 IST" skipped="0">
  <testcase classname="runner.TestRunner" name="scenario" time="88.328"/>
  <system-out/>
  <testcase classname="runner.TestRunner" name="scenario" time="86.973"/>
  <system-out/>
</testsuite> <!-- runner.TestRunner -->
