<?xml version="1.0" encoding="UTF-8"?>
<!-- Generated by org.testng.reporters.JUnitReportReporter -->
<testsuite hostname="AH4000691LT" failures="0" tests="1" name="runner.TestRunner" time="27.272" errors="0" timestamp="2022-06-03T19:25:31 IST" skipped="0">
  <testcase classname="runner.TestRunner" name="scenario" time="27.272"/>
  <system-out/>
</testsuite> <!-- runner.TestRunner -->
